Determining if the pthread_create exist failed with the following output:
Change Dir: /home/aer1217/aer1217/labs/src/aer1217_ardrone_simulator/build/CMakeFiles/CMakeTmp

Run Build Command:"/usr/bin/make" "cmTC_054c4/fast"
/usr/bin/make -f CMakeFiles/cmTC_054c4.dir/build.make CMakeFiles/cmTC_054c4.dir/build
make[1]: Entering directory '/home/aer1217/aer1217/labs/src/aer1217_ardrone_simulator/build/CMakeFiles/CMakeTmp'
Building C object CMakeFiles/cmTC_054c4.dir/CheckSymbolExists.c.o
/usr/bin/x86_64-linux-gnu-gcc-5     -o CMakeFiles/cmTC_054c4.dir/CheckSymbolExists.c.o   -c /home/aer1217/aer1217/labs/src/aer1217_ardrone_simulator/build/CMakeFiles/CMakeTmp/CheckSymbolExists.c
Linking C executable cmTC_054c4
/usr/bin/cmake -E cmake_link_script CMakeFiles/cmTC_054c4.dir/link.txt --verbose=1
/usr/bin/x86_64-linux-gnu-gcc-5       CMakeFiles/cmTC_054c4.dir/CheckSymbolExists.c.o  -o cmTC_054c4 -rdynamic 
CMakeFiles/cmTC_054c4.dir/CheckSymbolExists.c.o: In function `main':
CheckSymbolExists.c:(.text+0x16): undefined reference to `pthread_create'
collect2: error: ld returned 1 exit status
CMakeFiles/cmTC_054c4.dir/build.make:97: recipe for target 'cmTC_054c4' failed
make[1]: *** [cmTC_054c4] Error 1
make[1]: Leaving directory '/home/aer1217/aer1217/labs/src/aer1217_ardrone_simulator/build/CMakeFiles/CMakeTmp'
Makefile:126: recipe for target 'cmTC_054c4/fast' failed
make: *** [cmTC_054c4/fast] Error 2

File /home/aer1217/aer1217/labs/src/aer1217_ardrone_simulator/build/CMakeFiles/CMakeTmp/CheckSymbolExists.c:
/* */
#include <pthread.h>

int main(int argc, char** argv)
{
  (void)argv;
#ifndef pthread_create
  return ((int*)(&pthread_create))[argc];
#else
  (void)argc;
  return 0;
#endif
}

Determining if the function pthread_create exists in the pthreads failed with the following output:
Change Dir: /home/aer1217/aer1217/labs/src/aer1217_ardrone_simulator/build/CMakeFiles/CMakeTmp

Run Build Command:"/usr/bin/make" "cmTC_9a8fa/fast"
/usr/bin/make -f CMakeFiles/cmTC_9a8fa.dir/build.make CMakeFiles/cmTC_9a8fa.dir/build
make[1]: Entering directory '/home/aer1217/aer1217/labs/src/aer1217_ardrone_simulator/build/CMakeFiles/CMakeTmp'
Building C object CMakeFiles/cmTC_9a8fa.dir/CheckFunctionExists.c.o
/usr/bin/x86_64-linux-gnu-gcc-5    -DCHECK_FUNCTION_EXISTS=pthread_create   -o CMakeFiles/cmTC_9a8fa.dir/CheckFunctionExists.c.o   -c /usr/share/cmake-3.5/Modules/CheckFunctionExists.c
Linking C executable cmTC_9a8fa
/usr/bin/cmake -E cmake_link_script CMakeFiles/cmTC_9a8fa.dir/link.txt --verbose=1
/usr/bin/x86_64-linux-gnu-gcc-5   -DCHECK_FUNCTION_EXISTS=pthread_create    CMakeFiles/cmTC_9a8fa.dir/CheckFunctionExists.c.o  -o cmTC_9a8fa -rdynamic -lpthreads 
/usr/bin/ld: cannot find -lpthreads
collect2: error: ld returned 1 exit status
CMakeFiles/cmTC_9a8fa.dir/build.make:97: recipe for target 'cmTC_9a8fa' failed
make[1]: *** [cmTC_9a8fa] Error 1
make[1]: Leaving directory '/home/aer1217/aer1217/labs/src/aer1217_ardrone_simulator/build/CMakeFiles/CMakeTmp'
Makefile:126: recipe for target 'cmTC_9a8fa/fast' failed
make: *** [cmTC_9a8fa/fast] Error 2


